<?xml version="1.0" encoding="UTF-8"?>
<!-- Generated by org.testng.reporters.JUnitReportReporter -->
<testsuite hostname="LAPTOP-BFL3PLL7" failures="0" tests="4" name="com.actitime.generic.CustomerModule" time="0.009" errors="0" timestamp="2023-07-19T19:01:14 IST" skipped="0">
  <testcase classname="com.actitime.generic.CustomerModule" name="deleteCustomer" time="0.005">
    <system-out>
      <![CDATA[deleteCustomer]]>
    </system-out>
  </testcase> <!-- deleteCustomer -->
  <testcase classname="com.actitime.generic.CustomerModule" name="registerCustomer" time="0.002">
    <system-out>
      <![CDATA[registerCustomer]]>
    </system-out>
  </testcase> <!-- registerCustomer -->
  <testcase classname="com.actitime.generic.CustomerModule" name="editCustomer" time="0.001">
    <system-out>
      <![CDATA[editCustomer]]>
    </system-out>
  </testcase> <!-- editCustomer -->
  <testcase classname="com.actitime.generic.CustomerModule" name="editCustomer" time="0.001">
    <system-out>
      <![CDATA[editCustomer]]>
    </system-out>
  </testcase> <!-- editCustomer -->
  <system-out>
    <![CDATA[openBrowser
login
deleteCustomer
logout
login
registerCustomer
logout
login
editCustomer
logout
login
editCustomer
logout
closeBrowser]]>
  </system-out>
</testsuite> <!-- com.actitime.generic.CustomerModule -->
