<?xml version="1.0" encoding="UTF-8"?>
<!-- Generated by org.testng.reporters.JUnitReportReporter -->
<testsuite hostname="LAPTOP-BFL3PLL7" failures="0" tests="1" name="com.actitime.testscript.DemoAssertion" time="6.954" errors="0" timestamp="2023-07-19T18:21:40 IST" skipped="0">
  <testcase classname="com.actitime.testscript.DemoAssertion" name="verifyTitle" time="6.954">
    <system-out>
      <![CDATA[Title is not matching and Failed]]>
    </system-out>
  </testcase> <!-- verifyTitle -->
  <system-out>
    <![CDATA[Title is not matching and Failed]]>
  </system-out>
</testsuite> <!-- com.actitime.testscript.DemoAssertion -->
