<?xml version="1.0" encoding="UTF-8"?>
<!-- Generated by org.testng.reporters.JUnitReportReporter -->
<testsuite hostname="LAPTOP-BFL3PLL7" failures="0" tests="1" name="assignmentQuestions.testAdvancePropertySearch" time="16.109" errors="0" timestamp="2023-07-22T12:49:01 IST" skipped="0">
  <testcase classname="assignmentQuestions.testAdvancePropertySearch" name="test" time="16.109"/>
</testsuite> <!-- assignmentQuestions.testAdvancePropertySearch -->
