<?xml version="1.0" encoding="UTF-8"?>
<!-- Generated by org.testng.reporters.JUnitReportReporter -->
<testsuite hostname="LAPTOP-BFL3PLL7" failures="0" tests="1" name="com.actitime.testscript.DemoScreenShot" time="19.484" errors="0" timestamp="2023-07-21T19:16:12 IST" skipped="0">
  <testcase classname="com.actitime.testscript.DemoScreenShot" name="testScreenshot" time="19.484"/>
</testsuite> <!-- com.actitime.testscript.DemoScreenShot -->
