<?xml version="1.0" encoding="UTF-8"?>
<!-- Generated by org.testng.reporters.JUnitReportReporter -->
<testsuite hostname="LAPTOP-BFL3PLL7" failures="0" tests="2" name="com.actitime.generic.CustomerModuleAnnotation" time="0.013" errors="0" timestamp="2023-07-19T18:44:27 IST" skipped="0">
  <testcase classname="com.actitime.generic.CustomerModuleAnnotation" name="createCustomer" time="0.012">
    <system-out>
      <![CDATA[create customer]]>
    </system-out>
  </testcase> <!-- createCustomer -->
  <testcase classname="com.actitime.generic.CustomerModuleAnnotation" name="modifyCustomer" time="0.001">
    <system-out>
      <![CDATA[modify customer]]>
    </system-out>
  </testcase> <!-- modifyCustomer -->
  <system-out>
    <![CDATA[login
create customer
logout
login
modify customer
logout]]>
  </system-out>
</testsuite> <!-- com.actitime.generic.CustomerModuleAnnotation -->
