<?xml version="1.0" encoding="UTF-8"?>
<!-- Generated by org.testng.reporters.JUnitReportReporter -->
<testsuite hostname="LAPTOP-BFL3PLL7" failures="0" tests="1" name="testNG.DemoTestNG" time="0.011" errors="0" timestamp="2023-07-18T01:04:17 IST" skipped="0">
  <testcase classname="testNG.DemoTestNG" name="demoTest" time="0.011"/>
  <system-out>
    <![CDATA[Welcome to testNG]]>
  </system-out>
</testsuite> <!-- testNG.DemoTestNG -->
